{"level":"info","message":"Pass an object and this works","additional":"properties","are":"passed along","service":"your-service-name","timestamp":"2021-05-15 21:55:59"}
{"message":"Use a helper method if you want","additional":"properties","are":"passed along","level":"info","service":"your-service-name","timestamp":"2021-05-15 21:55:59"}
{"service":"your-service-name","additional":"properties","are":"passed along","level":"info","message":"Pass a message and this works","timestamp":"2021-05-15 21:55:59"}
{"service":"your-service-name","additional":"properties","are":"passed along","level":"info","message":"Use a helper method if you want","timestamp":"2021-05-15 21:55:59"}
{"service":"your-service-name","level":"info","message":"test message my string","timestamp":"2021-05-15 21:55:59"}
{"service":"your-service-name","level":"info","message":"test message 123","timestamp":"2021-05-15 21:55:59"}
{"service":"your-service-name","level":"info","message":"test message first, second","timestamp":"2021-05-15 21:55:59","number":123}
{"service":"your-service-name","level":"info","message":"Found error at 2021-05-15T18:55:59.357Z","timestamp":"2021-05-15 21:55:59"}
{"service":"your-service-name","level":"info","message":"Found error at Error: chill winston\n    at Object.<anonymous> (C:\\Users\\roman\\OneDrive\\Desktop\\schedule-nulp\\logger.js:83:40)\n    at Module._compile (internal/modules/cjs/loader.js:1063:30)\n    at Object.Module._extensions..js (internal/modules/cjs/loader.js:1092:10)\n    at Module.load (internal/modules/cjs/loader.js:928:32)\n    at Function.Module._load (internal/modules/cjs/loader.js:769:14)\n    at Function.executeUserEntryPoint [as runMain] (internal/modules/run_main.js:72:12)\n    at internal/main/run_main_module.js:17:47","timestamp":"2021-05-15 21:55:59"}
{"service":"your-service-name","level":"info","message":"Found error at /WUT/","timestamp":"2021-05-15 21:55:59"}
{"service":"your-service-name","level":"info","message":"Found error at true","timestamp":"2021-05-15 21:55:59"}
{"service":"your-service-name","level":"info","message":"Found error at 100","timestamp":"2021-05-15 21:55:59"}
{"service":"your-service-name","level":"info","message":"Found error at [ '1, 2, 3' ]","timestamp":"2021-05-15 21:55:59"}
{"level":"warn","service":"your-service-name","timestamp":"2021-05-15 21:55:59","message":"Error passed as info","stack":"Error: Error passed as info\n    at Object.<anonymous> (C:\\Users\\roman\\OneDrive\\Desktop\\schedule-nulp\\logger.js:93:13)\n    at Module._compile (internal/modules/cjs/loader.js:1063:30)\n    at Object.Module._extensions..js (internal/modules/cjs/loader.js:1092:10)\n    at Module.load (internal/modules/cjs/loader.js:928:32)\n    at Function.Module._load (internal/modules/cjs/loader.js:769:14)\n    at Function.executeUserEntryPoint [as runMain] (internal/modules/run_main.js:72:12)\n    at internal/main/run_main_module.js:17:47"}
{"level":"error","service":"your-service-name","timestamp":"2021-05-15 21:55:59","message":"Error passed as message","stack":"Error: Error passed as message\n    at Object.<anonymous> (C:\\Users\\roman\\OneDrive\\Desktop\\schedule-nulp\\logger.js:94:21)\n    at Module._compile (internal/modules/cjs/loader.js:1063:30)\n    at Object.Module._extensions..js (internal/modules/cjs/loader.js:1092:10)\n    at Module.load (internal/modules/cjs/loader.js:928:32)\n    at Function.Module._load (internal/modules/cjs/loader.js:769:14)\n    at Function.executeUserEntryPoint [as runMain] (internal/modules/run_main.js:72:12)\n    at internal/main/run_main_module.js:17:47"}
{"service":"your-service-name","level":"warn","message":"Maybe important error:  Error passed as meta","stack":"Error: Error passed as meta\n    at Object.<anonymous> (C:\\Users\\roman\\OneDrive\\Desktop\\schedule-nulp\\logger.js:96:40)\n    at Module._compile (internal/modules/cjs/loader.js:1063:30)\n    at Object.Module._extensions..js (internal/modules/cjs/loader.js:1092:10)\n    at Module.load (internal/modules/cjs/loader.js:928:32)\n    at Function.Module._load (internal/modules/cjs/loader.js:769:14)\n    at Function.executeUserEntryPoint [as runMain] (internal/modules/run_main.js:72:12)\n    at internal/main/run_main_module.js:17:47","timestamp":"2021-05-15 21:55:59"}
{"service":"your-service-name","level":"error","message":"Important error:  Error passed as meta","stack":"Error: Error passed as meta\n    at Object.<anonymous> (C:\\Users\\roman\\OneDrive\\Desktop\\schedule-nulp\\logger.js:97:42)\n    at Module._compile (internal/modules/cjs/loader.js:1063:30)\n    at Object.Module._extensions..js (internal/modules/cjs/loader.js:1092:10)\n    at Module.load (internal/modules/cjs/loader.js:928:32)\n    at Function.Module._load (internal/modules/cjs/loader.js:769:14)\n    at Function.executeUserEntryPoint [as runMain] (internal/modules/run_main.js:72:12)\n    at internal/main/run_main_module.js:17:47","timestamp":"2021-05-15 21:55:59"}
{"level":"error","service":"your-service-name","timestamp":"2021-05-15 21:55:59","message":"Error as info","stack":"Error: Error as info\n    at Object.<anonymous> (C:\\Users\\roman\\OneDrive\\Desktop\\schedule-nulp\\logger.js:99:14)\n    at Module._compile (internal/modules/cjs/loader.js:1063:30)\n    at Object.Module._extensions..js (internal/modules/cjs/loader.js:1092:10)\n    at Module.load (internal/modules/cjs/loader.js:928:32)\n    at Function.Module._load (internal/modules/cjs/loader.js:769:14)\n    at Function.executeUserEntryPoint [as runMain] (internal/modules/run_main.js:72:12)\n    at internal/main/run_main_module.js:17:47"}
{"level":"info","message":"Pass an object and this works","additional":"properties","are":"passed along","service":"your-service-name"}
{"message":"Use a helper method if you want","additional":"properties","are":"passed along","level":"info","service":"your-service-name"}
{"service":"your-service-name","additional":"properties","are":"passed along","level":"info","message":"Pass a message and this works"}
{"service":"your-service-name","additional":"properties","are":"passed along","level":"info","message":"Use a helper method if you want"}
{"service":"your-service-name","level":"info","message":"test message my string"}
{"service":"your-service-name","level":"info","message":"test message 123"}
{"service":"your-service-name","level":"info","message":"test message first, second","number":123}
{"service":"your-service-name","level":"info","message":"Found error at 2021-05-15T18:57:31.922Z"}
{"service":"your-service-name","level":"info","message":"Found error at Error: chill winston\n    at Object.<anonymous> (C:\\Users\\roman\\OneDrive\\Desktop\\schedule-nulp\\logger.js:81:40)\n    at Module._compile (internal/modules/cjs/loader.js:1063:30)\n    at Object.Module._extensions..js (internal/modules/cjs/loader.js:1092:10)\n    at Module.load (internal/modules/cjs/loader.js:928:32)\n    at Function.Module._load (internal/modules/cjs/loader.js:769:14)\n    at Function.executeUserEntryPoint [as runMain] (internal/modules/run_main.js:72:12)\n    at internal/main/run_main_module.js:17:47"}
{"service":"your-service-name","level":"info","message":"Found error at /WUT/"}
{"service":"your-service-name","level":"info","message":"Found error at true"}
{"service":"your-service-name","level":"info","message":"Found error at 100"}
{"service":"your-service-name","level":"info","message":"Found error at [ '1, 2, 3' ]"}
{"level":"warn","service":"your-service-name","message":"Error passed as info","stack":"Error: Error passed as info\n    at Object.<anonymous> (C:\\Users\\roman\\OneDrive\\Desktop\\schedule-nulp\\logger.js:91:13)\n    at Module._compile (internal/modules/cjs/loader.js:1063:30)\n    at Object.Module._extensions..js (internal/modules/cjs/loader.js:1092:10)\n    at Module.load (internal/modules/cjs/loader.js:928:32)\n    at Function.Module._load (internal/modules/cjs/loader.js:769:14)\n    at Function.executeUserEntryPoint [as runMain] (internal/modules/run_main.js:72:12)\n    at internal/main/run_main_module.js:17:47"}
{"level":"error","service":"your-service-name","message":"Error passed as message","stack":"Error: Error passed as message\n    at Object.<anonymous> (C:\\Users\\roman\\OneDrive\\Desktop\\schedule-nulp\\logger.js:92:21)\n    at Module._compile (internal/modules/cjs/loader.js:1063:30)\n    at Object.Module._extensions..js (internal/modules/cjs/loader.js:1092:10)\n    at Module.load (internal/modules/cjs/loader.js:928:32)\n    at Function.Module._load (internal/modules/cjs/loader.js:769:14)\n    at Function.executeUserEntryPoint [as runMain] (internal/modules/run_main.js:72:12)\n    at internal/main/run_main_module.js:17:47"}
{"service":"your-service-name","level":"warn","message":"Maybe important error:  Error passed as meta","stack":"Error: Error passed as meta\n    at Object.<anonymous> (C:\\Users\\roman\\OneDrive\\Desktop\\schedule-nulp\\logger.js:94:40)\n    at Module._compile (internal/modules/cjs/loader.js:1063:30)\n    at Object.Module._extensions..js (internal/modules/cjs/loader.js:1092:10)\n    at Module.load (internal/modules/cjs/loader.js:928:32)\n    at Function.Module._load (internal/modules/cjs/loader.js:769:14)\n    at Function.executeUserEntryPoint [as runMain] (internal/modules/run_main.js:72:12)\n    at internal/main/run_main_module.js:17:47"}
{"service":"your-service-name","level":"error","message":"Important error:  Error passed as meta","stack":"Error: Error passed as meta\n    at Object.<anonymous> (C:\\Users\\roman\\OneDrive\\Desktop\\schedule-nulp\\logger.js:95:42)\n    at Module._compile (internal/modules/cjs/loader.js:1063:30)\n    at Object.Module._extensions..js (internal/modules/cjs/loader.js:1092:10)\n    at Module.load (internal/modules/cjs/loader.js:928:32)\n    at Function.Module._load (internal/modules/cjs/loader.js:769:14)\n    at Function.executeUserEntryPoint [as runMain] (internal/modules/run_main.js:72:12)\n    at internal/main/run_main_module.js:17:47"}
{"level":"error","service":"your-service-name","message":"Error as info","stack":"Error: Error as info\n    at Object.<anonymous> (C:\\Users\\roman\\OneDrive\\Desktop\\schedule-nulp\\logger.js:97:14)\n    at Module._compile (internal/modules/cjs/loader.js:1063:30)\n    at Object.Module._extensions..js (internal/modules/cjs/loader.js:1092:10)\n    at Module.load (internal/modules/cjs/loader.js:928:32)\n    at Function.Module._load (internal/modules/cjs/loader.js:769:14)\n    at Function.executeUserEntryPoint [as runMain] (internal/modules/run_main.js:72:12)\n    at internal/main/run_main_module.js:17:47"}
{"level":"info","message":"Pass an object and this works","additional":"properties","are":"passed along","service":"your-service-name","label":"[my-label]"}
{"message":"Use a helper method if you want","additional":"properties","are":"passed along","level":"info","service":"your-service-name","label":"[my-label]"}
{"service":"your-service-name","additional":"properties","are":"passed along","level":"info","message":"Pass a message and this works","label":"[my-label]"}
{"service":"your-service-name","additional":"properties","are":"passed along","level":"info","message":"Use a helper method if you want","label":"[my-label]"}
{"service":"your-service-name","level":"info","message":"test message my string","label":"[my-label]"}
{"service":"your-service-name","level":"info","message":"test message 123","label":"[my-label]"}
{"service":"your-service-name","level":"info","message":"test message first, second","label":"[my-label]","number":123}
{"service":"your-service-name","level":"info","message":"Found error at 2021-05-15T18:57:55.412Z","label":"[my-label]"}
{"service":"your-service-name","level":"info","message":"Found error at Error: chill winston\n    at Object.<anonymous> (C:\\Users\\roman\\OneDrive\\Desktop\\schedule-nulp\\logger.js:82:40)\n    at Module._compile (internal/modules/cjs/loader.js:1063:30)\n    at Object.Module._extensions..js (internal/modules/cjs/loader.js:1092:10)\n    at Module.load (internal/modules/cjs/loader.js:928:32)\n    at Function.Module._load (internal/modules/cjs/loader.js:769:14)\n    at Function.executeUserEntryPoint [as runMain] (internal/modules/run_main.js:72:12)\n    at internal/main/run_main_module.js:17:47","label":"[my-label]"}
{"service":"your-service-name","level":"info","message":"Found error at /WUT/","label":"[my-label]"}
{"service":"your-service-name","level":"info","message":"Found error at true","label":"[my-label]"}
{"service":"your-service-name","level":"info","message":"Found error at 100","label":"[my-label]"}
{"service":"your-service-name","level":"info","message":"Found error at [ '1, 2, 3' ]","label":"[my-label]"}
{"level":"warn","service":"your-service-name","label":"[my-label]","message":"Error passed as info","stack":"Error: Error passed as info\n    at Object.<anonymous> (C:\\Users\\roman\\OneDrive\\Desktop\\schedule-nulp\\logger.js:92:13)\n    at Module._compile (internal/modules/cjs/loader.js:1063:30)\n    at Object.Module._extensions..js (internal/modules/cjs/loader.js:1092:10)\n    at Module.load (internal/modules/cjs/loader.js:928:32)\n    at Function.Module._load (internal/modules/cjs/loader.js:769:14)\n    at Function.executeUserEntryPoint [as runMain] (internal/modules/run_main.js:72:12)\n    at internal/main/run_main_module.js:17:47"}
{"level":"error","service":"your-service-name","label":"[my-label]","message":"Error passed as message","stack":"Error: Error passed as message\n    at Object.<anonymous> (C:\\Users\\roman\\OneDrive\\Desktop\\schedule-nulp\\logger.js:93:21)\n    at Module._compile (internal/modules/cjs/loader.js:1063:30)\n    at Object.Module._extensions..js (internal/modules/cjs/loader.js:1092:10)\n    at Module.load (internal/modules/cjs/loader.js:928:32)\n    at Function.Module._load (internal/modules/cjs/loader.js:769:14)\n    at Function.executeUserEntryPoint [as runMain] (internal/modules/run_main.js:72:12)\n    at internal/main/run_main_module.js:17:47"}
{"service":"your-service-name","level":"warn","message":"Maybe important error:  Error passed as meta","stack":"Error: Error passed as meta\n    at Object.<anonymous> (C:\\Users\\roman\\OneDrive\\Desktop\\schedule-nulp\\logger.js:95:40)\n    at Module._compile (internal/modules/cjs/loader.js:1063:30)\n    at Object.Module._extensions..js (internal/modules/cjs/loader.js:1092:10)\n    at Module.load (internal/modules/cjs/loader.js:928:32)\n    at Function.Module._load (internal/modules/cjs/loader.js:769:14)\n    at Function.executeUserEntryPoint [as runMain] (internal/modules/run_main.js:72:12)\n    at internal/main/run_main_module.js:17:47","label":"[my-label]"}
{"service":"your-service-name","level":"error","message":"Important error:  Error passed as meta","stack":"Error: Error passed as meta\n    at Object.<anonymous> (C:\\Users\\roman\\OneDrive\\Desktop\\schedule-nulp\\logger.js:96:42)\n    at Module._compile (internal/modules/cjs/loader.js:1063:30)\n    at Object.Module._extensions..js (internal/modules/cjs/loader.js:1092:10)\n    at Module.load (internal/modules/cjs/loader.js:928:32)\n    at Function.Module._load (internal/modules/cjs/loader.js:769:14)\n    at Function.executeUserEntryPoint [as runMain] (internal/modules/run_main.js:72:12)\n    at internal/main/run_main_module.js:17:47","label":"[my-label]"}
{"level":"error","service":"your-service-name","label":"[my-label]","message":"Error as info","stack":"Error: Error as info\n    at Object.<anonymous> (C:\\Users\\roman\\OneDrive\\Desktop\\schedule-nulp\\logger.js:98:14)\n    at Module._compile (internal/modules/cjs/loader.js:1063:30)\n    at Object.Module._extensions..js (internal/modules/cjs/loader.js:1092:10)\n    at Module.load (internal/modules/cjs/loader.js:928:32)\n    at Function.Module._load (internal/modules/cjs/loader.js:769:14)\n    at Function.executeUserEntryPoint [as runMain] (internal/modules/run_main.js:72:12)\n    at internal/main/run_main_module.js:17:47"}
{"level":"info","message":"Pass an object and this works","additional":"properties","are":"passed along","service":"your-service-name","timestamp":"2021-05-15 21:59:35"}
{"message":"Use a helper method if you want","additional":"properties","are":"passed along","level":"info","service":"your-service-name","timestamp":"2021-05-15 21:59:35"}
{"service":"your-service-name","additional":"properties","are":"passed along","level":"info","message":"Pass a message and this works","timestamp":"2021-05-15 21:59:35"}
{"service":"your-service-name","additional":"properties","are":"passed along","level":"info","message":"Use a helper method if you want","timestamp":"2021-05-15 21:59:35"}
{"service":"your-service-name","level":"info","message":"test message my string","timestamp":"2021-05-15 21:59:35"}
{"service":"your-service-name","level":"info","message":"test message 123","timestamp":"2021-05-15 21:59:35"}
{"service":"your-service-name","level":"info","message":"test message first, second","timestamp":"2021-05-15 21:59:35","number":123}
{"service":"your-service-name","level":"info","message":"Found error at 2021-05-15T18:59:35.433Z","timestamp":"2021-05-15 21:59:35"}
{"service":"your-service-name","level":"info","message":"Found error at Error: chill winston\n    at Object.<anonymous> (C:\\Users\\roman\\OneDrive\\Desktop\\schedule-nulp\\logger.js:84:40)\n    at Module._compile (internal/modules/cjs/loader.js:1063:30)\n    at Object.Module._extensions..js (internal/modules/cjs/loader.js:1092:10)\n    at Module.load (internal/modules/cjs/loader.js:928:32)\n    at Function.Module._load (internal/modules/cjs/loader.js:769:14)\n    at Function.executeUserEntryPoint [as runMain] (internal/modules/run_main.js:72:12)\n    at internal/main/run_main_module.js:17:47","timestamp":"2021-05-15 21:59:35"}
{"service":"your-service-name","level":"info","message":"Found error at /WUT/","timestamp":"2021-05-15 21:59:35"}
{"service":"your-service-name","level":"info","message":"Found error at true","timestamp":"2021-05-15 21:59:35"}
{"service":"your-service-name","level":"info","message":"Found error at 100","timestamp":"2021-05-15 21:59:35"}
{"service":"your-service-name","level":"info","message":"Found error at [ '1, 2, 3' ]","timestamp":"2021-05-15 21:59:35"}
{"level":"warn","service":"your-service-name","timestamp":"2021-05-15 21:59:35","message":"Error passed as info","stack":"Error: Error passed as info\n    at Object.<anonymous> (C:\\Users\\roman\\OneDrive\\Desktop\\schedule-nulp\\logger.js:94:13)\n    at Module._compile (internal/modules/cjs/loader.js:1063:30)\n    at Object.Module._extensions..js (internal/modules/cjs/loader.js:1092:10)\n    at Module.load (internal/modules/cjs/loader.js:928:32)\n    at Function.Module._load (internal/modules/cjs/loader.js:769:14)\n    at Function.executeUserEntryPoint [as runMain] (internal/modules/run_main.js:72:12)\n    at internal/main/run_main_module.js:17:47"}
{"level":"error","service":"your-service-name","timestamp":"2021-05-15 21:59:35","message":"Error passed as message","stack":"Error: Error passed as message\n    at Object.<anonymous> (C:\\Users\\roman\\OneDrive\\Desktop\\schedule-nulp\\logger.js:95:21)\n    at Module._compile (internal/modules/cjs/loader.js:1063:30)\n    at Object.Module._extensions..js (internal/modules/cjs/loader.js:1092:10)\n    at Module.load (internal/modules/cjs/loader.js:928:32)\n    at Function.Module._load (internal/modules/cjs/loader.js:769:14)\n    at Function.executeUserEntryPoint [as runMain] (internal/modules/run_main.js:72:12)\n    at internal/main/run_main_module.js:17:47"}
{"service":"your-service-name","level":"warn","message":"Maybe important error:  Error passed as meta","stack":"Error: Error passed as meta\n    at Object.<anonymous> (C:\\Users\\roman\\OneDrive\\Desktop\\schedule-nulp\\logger.js:97:40)\n    at Module._compile (internal/modules/cjs/loader.js:1063:30)\n    at Object.Module._extensions..js (internal/modules/cjs/loader.js:1092:10)\n    at Module.load (internal/modules/cjs/loader.js:928:32)\n    at Function.Module._load (internal/modules/cjs/loader.js:769:14)\n    at Function.executeUserEntryPoint [as runMain] (internal/modules/run_main.js:72:12)\n    at internal/main/run_main_module.js:17:47","timestamp":"2021-05-15 21:59:35"}
{"service":"your-service-name","level":"error","message":"Important error:  Error passed as meta","stack":"Error: Error passed as meta\n    at Object.<anonymous> (C:\\Users\\roman\\OneDrive\\Desktop\\schedule-nulp\\logger.js:98:42)\n    at Module._compile (internal/modules/cjs/loader.js:1063:30)\n    at Object.Module._extensions..js (internal/modules/cjs/loader.js:1092:10)\n    at Module.load (internal/modules/cjs/loader.js:928:32)\n    at Function.Module._load (internal/modules/cjs/loader.js:769:14)\n    at Function.executeUserEntryPoint [as runMain] (internal/modules/run_main.js:72:12)\n    at internal/main/run_main_module.js:17:47","timestamp":"2021-05-15 21:59:35"}
{"level":"error","service":"your-service-name","timestamp":"2021-05-15 21:59:35","message":"Error as info","stack":"Error: Error as info\n    at Object.<anonymous> (C:\\Users\\roman\\OneDrive\\Desktop\\schedule-nulp\\logger.js:100:14)\n    at Module._compile (internal/modules/cjs/loader.js:1063:30)\n    at Object.Module._extensions..js (internal/modules/cjs/loader.js:1092:10)\n    at Module.load (internal/modules/cjs/loader.js:928:32)\n    at Function.Module._load (internal/modules/cjs/loader.js:769:14)\n    at Function.executeUserEntryPoint [as runMain] (internal/modules/run_main.js:72:12)\n    at internal/main/run_main_module.js:17:47"}
2021-05-15 22:02:16 info: Pass an object and this works 
2021-05-15 22:02:16 info: Use a helper method if you want 
2021-05-15 22:02:16 info: Pass a message and this works 
2021-05-15 22:02:16 info: Use a helper method if you want 
2021-05-15 22:02:16 info: test message %s 
2021-05-15 22:02:16 info: test message %d 
2021-05-15 22:02:16 info: test message %s, %s 
2021-05-15 22:02:16 info: Found %s at %s 
2021-05-15 22:02:16 info: Found %s at %s 
2021-05-15 22:02:16 info: Found %s at %s 
2021-05-15 22:02:16 info: Found %s at %s 
2021-05-15 22:02:16 info: Found %s at %s 
2021-05-15 22:02:16 info: Found %s at %s 
2021-05-15 22:02:16 warn: Error passed as info 
2021-05-15 22:02:16 error: Error passed as message 
2021-05-15 22:02:16 warn: Maybe important error:  Error passed as meta 
2021-05-15 22:02:16 error: Important error:  Error passed as meta 
2021-05-15 22:02:16 error: Error as info 
